<?xml version="1.0" encoding="UTF-8"?>
<!-- Generated by org.testng.reporters.JUnitReportReporter -->
<testsuite skipped="0" hostname="LINDEL00149" name="tests.testbrokenlink" tests="1" failures="0" timestamp="19 Mei 2020 14:05:49 GMT" time="10.348" errors="0">
  <testcase name="test2" time="10.348" classname="tests.testbrokenlink"/>
</testsuite> <!-- tests.testbrokenlink -->
