<?xml version="1.0" encoding="UTF-8"?>
<!-- Generated by org.testng.reporters.JUnitReportReporter -->
<testsuite skipped="0" hostname="HTINL6284" name="tests.FormTests" tests="2" failures="0" timestamp="27 May 2019 05:21:37 GMT" time="120.412" errors="0">
  <testcase name="verifyApplaunchedSuccessfully" time="5.332" classname="tests.FormTests"/>
  <testcase name="verifyDocManagmentLink" time="115.080" classname="tests.FormTests"/>
</testsuite> <!-- tests.FormTests -->
