<?xml version="1.0" encoding="UTF-8"?>
<!-- Generated by org.testng.reporters.JUnitReportReporter -->
<testsuite skipped="0" hostname="HTINL6284" name="tests.demoTest" tests="2" failures="0" timestamp="21 May 2019 04:50:52 GMT" time="0.004" errors="0">
  <testcase name="testsss" time="0.002" classname="tests.demoTest"/>
  <testcase name="tests" time="0.002" classname="tests.demoTest"/>
</testsuite> <!-- tests.demoTest -->
