<?xml version="1.0" encoding="UTF-8"?>
<!-- Generated by org.testng.reporters.JUnitReportReporter -->
<testsuite skipped="0" hostname="LINDEL00149" name="tests.Login_Test" tests="1" failures="0" timestamp="14 May 2020 15:49:57 GMT" time="2.179" errors="0">
  <testcase name="loginApplication" time="2.179" classname="tests.Login_Test"/>
</testsuite> <!-- tests.Login_Test -->
