<?xml version="1.0" encoding="UTF-8"?>
<!-- Generated by org.testng.reporters.JUnitReportReporter -->
<testsuite skipped="0" hostname="LINDEL00149" name="tests.DatePicker" tests="1" failures="0" timestamp="18 Mei 2020 16:49:38 GMT" time="7.917" errors="0">
  <testcase name="datePicker" time="7.917" classname="tests.DatePicker"/>
</testsuite> <!-- tests.DatePicker -->
