<?xml version="1.0" encoding="UTF-8"?>
<!-- Generated by org.testng.reporters.JUnitReportReporter -->
<testsuite skipped="0" hostname="HTINL6284" name="tests.ReviewTest" tests="1" failures="0" timestamp="28 May 2019 06:07:17 GMT" time="110.410" errors="0">
  <testcase name="verifyReviewDocument" time="110.410" classname="tests.ReviewTest"/>
</testsuite> <!-- tests.ReviewTest -->
