<?xml version="1.0" encoding="UTF-8"?>
<!-- Generated by org.testng.reporters.JUnitReportReporter -->
<testsuite skipped="0" hostname="LINDEL00149" name="tests.EnviromentSetUP" tests="1" failures="0" timestamp="24 Mei 2020 06:59:49 GMT" time="30.796" errors="0">
  <testcase name="verifyBuyNow" time="30.796" classname="tests.EnviromentSetUP"/>
</testsuite> <!-- tests.EnviromentSetUP -->
