<?xml version="1.0" encoding="UTF-8"?>
<!-- Generated by org.testng.reporters.JUnitReportReporter -->
<testsuite skipped="0" hostname="LINDEL00149" name="tests.Product_CreationTest1" tests="4" failures="0" timestamp="16 Mei 2020 18:55:52 GMT" time="144.007" errors="0">
  <testcase name="loginApplication" time="1.993" classname="tests.Product_CreationTest1"/>
  <testcase name="createProduct" time="121.920" classname="tests.Product_CreationTest1"/>
  <testcase name="updateProduct" time="10.054" classname="tests.Product_CreationTest1"/>
  <testcase name="deleteProduct" time="10.040" classname="tests.Product_CreationTest1"/>
</testsuite> <!-- tests.Product_CreationTest1 -->
