<?xml version="1.0" encoding="UTF-8"?>
<!-- Generated by org.testng.reporters.JUnitReportReporter -->
<testsuite skipped="0" hostname="HTINL6284" name="tests.FormReviewTest" tests="1" failures="0" timestamp="27 May 2019 10:01:41 GMT" time="150.267" errors="0">
  <testcase name="verifyReviewDocument" time="150.267" classname="tests.FormReviewTest"/>
</testsuite> <!-- tests.FormReviewTest -->
