<?xml version="1.0" encoding="UTF-8"?>
<!-- Generated by org.testng.reporters.JUnitReportReporter -->
<testsuite skipped="0" hostname="LINDEL00107" name="tests.CreateTranslation" tests="1" failures="0" timestamp="31 Jul 2019 06:55:03 GMT" time="5.064" errors="0">
  <testcase name="verifyApplaunchedSuccessfully" time="5.064" classname="tests.CreateTranslation"/>
</testsuite> <!-- tests.CreateTranslation -->
