<?xml version="1.0" encoding="UTF-8"?>
<!-- Generated by org.testng.reporters.JUnitReportReporter -->
<testsuite skipped="0" hostname="HTINL6284" name="utils.Email" tests="1" failures="0" timestamp="30 May 2019 09:14:01 GMT" time="0.140" errors="0">
  <testcase name="sendEmail" time="0.140" classname="utils.Email"/>
</testsuite> <!-- utils.Email -->
