<?xml version="1.0" encoding="UTF-8"?>
<!-- Generated by org.testng.reporters.JUnitReportReporter -->
<testsuite skipped="0" hostname="LINDEL00149" name="tests.Product_CreationTest" tests="1" failures="0" timestamp="24 Mei 2020 06:33:25 GMT" time="0.006" errors="0">
  <testcase name="TestRun" time="0.006" classname="tests.Product_CreationTest"/>
</testsuite> <!-- tests.Product_CreationTest -->
