<?xml version="1.0" encoding="UTF-8"?>
<!-- Generated by org.testng.reporters.JUnitReportReporter -->
<testsuite skipped="0" hostname="LINDEL00149" name="tests.Product_CreationTest" tests="1" failures="0" timestamp="19 Mei 2020 09:27:00 GMT" time="0.017" errors="0">
  <testcase name="TestRun" time="0.017" classname="tests.Product_CreationTest"/>
</testsuite> <!-- tests.Product_CreationTest -->
